<?xml version="1.0" encoding="UTF-8"?>
<!-- Generated by org.testng.reporters.JUnitReportReporter -->
<testsuite hostname="Selenium-W2A" name="dd_tests.registerUserTest" tests="1" failures="1" timestamp="9 Dec 2012 09:50:07 GMT" time="0.001" errors="0">
  <testcase name="userRegisteration" time="0.001" classname="dd_tests.registerUserTest"/>
</testsuite> <!-- dd_tests.registerUserTest -->
