<?xml version="1.0" encoding="UTF-8"?>
<!-- Generated by org.testng.reporters.JUnitReportReporter -->
<testsuite hostname="Selenium-W2A" name="dd_tests.loginTest" tests="1" failures="0" timestamp="9 Dec 2012 09:50:07 GMT" time="18.224" errors="0">
  <testcase name="doLogin" time="18.224" classname="dd_tests.loginTest"/>
</testsuite> <!-- dd_tests.loginTest -->
